info it worked if it ends with ok
verbose cli [ 'C:\\Program Files\\nodejs\\\\node.exe',
verbose cli   'C:\\Program Files\\nodejs\\node_modules\\npm\\bin\\npm-cli.js',
verbose cli   'install',
verbose cli   'connect' ]
info using npm@1.1.21
info using node@v0.6.18
verbose C:\Program Files\nodejs\\node.exe node symlink
verbose config file C:\Documents and Settings\go70\.npmrc
verbose config file C:\Program Files\nodejs\etc\npmrc
verbose config file C:\Program Files\nodejs\node_modules\npm\npmrc
verbose caching D:\projects\njsproxy\node_modules\journey\package.json
verbose cache add [ 'connect', null ]
silly cache add: name, spec, args [ undefined, 'connect', [ 'connect', null ] ]
verbose parsed url { pathname: 'connect', path: 'connect', href: 'connect' }
verbose addNamed [ 'connect', '' ]
verbose addNamed [ null, '' ]
silly name, range, hasData [ 'connect', '', false ]
verbose raw, before any munging connect
verbose url resolving [ 'https://registry.npmjs.org/', './connect' ]
verbose url resolved https://registry.npmjs.org/connect
http GET https://registry.npmjs.org/connect
ERR! Error: connect ETIMEDOUT
ERR!     at errnoException (net.js:670:11)
ERR!     at Object.afterConnect [as oncomplete] (net.js:661:19)
ERR! You may report this log at:
ERR!     <http://github.com/isaacs/npm/issues>
ERR! or email it to:
ERR!     <npm-@googlegroups.com>
ERR! 
ERR! System Windows_NT 5.1.2600
ERR! command "C:\\Program Files\\nodejs\\\\node.exe" "C:\\Program Files\\nodejs\\node_modules\\npm\\bin\\npm-cli.js" "install" "connect"
ERR! cwd D:\projects\njsproxy
ERR! node -v v0.6.18
ERR! npm -v 1.1.21
ERR! syscall connect
ERR! code ETIMEDOUT
ERR! message connect ETIMEDOUT
ERR! errno {}
verbose exit [ 1, true ]
